Removed Pin From Net: NetName=Net*1_3 Pin=*1-3
Removed Pin From Net: NetName=Net*2_3 Pin=*2-3
Removed Pin From Net: NetName=Net*2_3 Pin=C10-1
Removed Pin From Net: NetName=ON Pin=R12-1
Removed Pin From Net: NetName=PB3 Pin=S1-1
Removed Pin From Net: NetName=PB3 Pin=S1-1
Removed Pin From Net: NetName=PB4 Pin=S2-1
Removed Pin From Net: NetName=PB4 Pin=S2-1
Removed Pin From Net: NetName=PB5 Pin=S3-1
Removed Pin From Net: NetName=PB5 Pin=S3-1
Removed Pin From Net: NetName=PB6 Pin=S4-1
Removed Pin From Net: NetName=PB6 Pin=S4-1
Removed Pin From Net: NetName=PB15 Pin=U1-37
Removed Pin From Net: NetName=PB14 Pin=U1-38
Removed Pin From Net: NetName=PB13 Pin=U1-39
Removed Pin From Net: NetName=PB12 Pin=U1-40
Removed Member From Class: ClassName=Sheet1 Member=S?
Change Component Footprint: Designator=R2 Old Footprint=0603 New Footprint=AXIAL0.4
Change Component Footprint: Designator=R4 Old Footprint=0603 New Footprint=AXIAL0.4
Change Component Footprint: Designator=R6 Old Footprint=0603 New Footprint=AXIAL0.4
Change Component Footprint: Designator=R7 Old Footprint=0603 New Footprint=AXIAL0.4
Change Component Footprint: Designator=R8 Old Footprint=0603 New Footprint=AXIAL0.4
Change Component Footprint: Designator=R9 Old Footprint=0603 New Footprint=AXIAL0.4
Change Component Footprint: Designator=R10 Old Footprint=0603 New Footprint=AXIAL0.4
Change Component Footprint: Designator=R11 Old Footprint=0603 New Footprint=AXIAL0.4
Change Component Footprint: Designator=R12 Old Footprint=0603 New Footprint=AXIAL0.4
Change Component Footprint: Designator=R13 Old Footprint=0603 New Footprint=AXIAL0.4
Change Component Footprint: Designator=R14 Old Footprint=0603 New Footprint=AXIAL0.4
Change Component Footprint: Designator=R15 Old Footprint=0603 New Footprint=AXIAL0.4
Change Component Footprint: Designator=R16 Old Footprint=0603 New Footprint=AXIAL0.4
Change Component Footprint: Designator=R17 Old Footprint=0603 New Footprint=AXIAL0.4
Change Component Footprint: Designator=R18 Old Footprint=0603 New Footprint=AXIAL0.4
Change Component Footprint: Designator=C3 Old Footprint=0603 New Footprint=CAP2
Change Component Footprint: Designator=C4 Old Footprint=0603 New Footprint=CAP2
Change Component Footprint: Designator=C7 Old Footprint=0603 New Footprint=CAP2
Change Component Footprint: Designator=C8 Old Footprint=0603 New Footprint=CAP2
Change Component Footprint: Designator=C9 Old Footprint=0603 New Footprint=CAP2
Change Component Footprint: Designator=C10 Old Footprint=0603 New Footprint=CAP2
Change Component Footprint: Designator=J2 Old Footprint=sip-2 New Footprint=KF128-3.81-2P
Change Component Footprint: Designator=T1 Old Footprint=ZMCT103E New Footprint=ZMCT103C
Change Component Designator: OldDesignator=*1 NewDesignator=*2
Change Component Designator: OldDesignator=*2 NewDesignator=*1
Change Component Designator: OldDesignator=C1 NewDesignator=C7
Change Component Designator: OldDesignator=C2 NewDesignator=C8
Change Component Designator: OldDesignator=C3 NewDesignator=C1
Change Component Designator: OldDesignator=C4 NewDesignator=C2
Change Component Designator: OldDesignator=C5 NewDesignator=C11
Change Component Designator: OldDesignator=C6 NewDesignator=C12
Change Component Designator: OldDesignator=C7 NewDesignator=C3
Change Component Designator: OldDesignator=C8 NewDesignator=C4
Change Component Designator: OldDesignator=C9 NewDesignator=C6
Change Component Designator: OldDesignator=C10 NewDesignator=C5
Change Component Designator: OldDesignator=C11 NewDesignator=C17
Change Component Designator: OldDesignator=c12 NewDesignator=c18
Change Component Designator: OldDesignator=c13 NewDesignator=c19
Change Component Designator: OldDesignator=C14 NewDesignator=C20
Change Component Designator: OldDesignator=J1 NewDesignator=J7
Change Component Designator: OldDesignator=J2 NewDesignator=J1
Change Component Designator: OldDesignator=J3 NewDesignator=J2
Change Component Designator: OldDesignator=J4 NewDesignator=J6
Change Component Designator: OldDesignator=JP? NewDesignator=JP1
Change Component Designator: OldDesignator=Q2 NewDesignator=Q1
Change Component Designator: OldDesignator=R1 NewDesignator=R16
Change Component Designator: OldDesignator=R2 NewDesignator=R1
Change Component Designator: OldDesignator=R3 NewDesignator=R18
Change Component Designator: OldDesignator=R4 NewDesignator=R2
Change Component Designator: OldDesignator=R5 NewDesignator=R20
Change Component Designator: OldDesignator=R6 NewDesignator=R4
Change Component Designator: OldDesignator=R7 NewDesignator=R10
Change Component Designator: OldDesignator=R8 NewDesignator=R11
Change Component Designator: OldDesignator=R9 NewDesignator=R12
Change Component Designator: OldDesignator=R10 NewDesignator=R13
Change Component Designator: OldDesignator=R11 NewDesignator=R14
Change Component Designator: OldDesignator=R12 NewDesignator=R5
Change Component Designator: OldDesignator=R13 NewDesignator=R6
Change Component Designator: OldDesignator=R14 NewDesignator=R7
Change Component Designator: OldDesignator=R15 NewDesignator=R8
Change Component Designator: OldDesignator=R16 NewDesignator=A1
Change Component Designator: OldDesignator=R17 NewDesignator=R15
Change Component Designator: OldDesignator=R18 NewDesignator=R9
Change Component Designator: OldDesignator=R19 NewDesignator=R34
Change Component Designator: OldDesignator=R20 NewDesignator=R35
Change Component Designator: OldDesignator=R21 NewDesignator=R36
Change Component Designator: OldDesignator=R22 NewDesignator=R37
Change Component Designator: OldDesignator=R23 NewDesignator=R38
Change Component Designator: OldDesignator=S1 NewDesignator=S2
Change Component Designator: OldDesignator=S2 NewDesignator=S3
Change Component Designator: OldDesignator=S3 NewDesignator=S4
Change Component Designator: OldDesignator=S4 NewDesignator=S5
Change Component Designator: OldDesignator=S? NewDesignator=S1
Change component parameters: Designator = "B1"; Footprint = "GBU"; UniqueID = "\DQDUGERY"
Change component parameters. Clean all parameters for all variants
Change component parameters (AddParameter): Name = "BOM名称"; Value = "1KV/10A整流桥"; VariantName = "[No Variations]"
Change component parameters (AddParameter): Name = "学习资源"; Value = "www.ooocke.com"; VariantName = "[No Variations]"
Change component parameters (AddParameter): Name = "版权归属"; Value = "封装库来自淘宝 ID：黄晶宝石"; VariantName = "[No Variations]"
Change component parameters: Designator = "JK1"; Footprint = "SRD-C_B"; UniqueID = "\IIHLHHQB"
Change component parameters. Clean all parameters for all variants
Change component parameters (AddParameter): Name = "BOM名称"; Value = "5V继电器"; VariantName = "[No Variations]"
Change component parameters (AddParameter): Name = "学习资源"; Value = "www.ooocke.com"; VariantName = "[No Variations]"
Change component parameters (AddParameter): Name = "版权归属"; Value = "源创客"; VariantName = "[No Variations]"
Added Component: Designator=*3(SOP8W_M)
Add component. Clean all parameters for all variants
Added Component: Designator=C9(0603)
Add component. Clean all parameters for all variants
Added Component: Designator=C10(0603)
Add component. Clean all parameters for all variants
Added Component: Designator=C13(0603)
Add component. Clean all parameters for all variants
Added Component: Designator=C14(0603)
Add component. Clean all parameters for all variants
Added Component: Designator=C15(0603)
Add component. Clean all parameters for all variants
Added Component: Designator=C16(0603)
Add component. Clean all parameters for all variants
Added Component: Designator=J3(sip-4)
Add component. Clean all parameters for all variants
Added Component: Designator=J4(sip-3)
Add component. Clean all parameters for all variants
Added Component: Designator=J8(sip-2)
Add component. Clean all parameters for all variants
Added Component: Designator=J9(sip-2)
Add component. Clean all parameters for all variants
Added Component: Designator=J10(sip-2)
Add component. Clean all parameters for all variants
Added Component: Designator=J11(sip-2)
Add component. Clean all parameters for all variants
Added Component: Designator=J12(SIP-11)
Add component. Clean all parameters for all variants
Added Component: Designator=R3(AXIAL0.4)
Add component. Clean all parameters for all variants
Added Component: Designator=R17(0603)
Add component. Clean all parameters for all variants
Added Component: Designator=R19(0603)
Add component. Clean all parameters for all variants
Added Component: Designator=R21(0603)
Add component. Clean all parameters for all variants
Added Component: Designator=R22(0603)
Add component. Clean all parameters for all variants
Added Component: Designator=R23(0603)
Add component. Clean all parameters for all variants
Added Component: Designator=R24(0603)
Add component. Clean all parameters for all variants
Added Component: Designator=R25(0603)
Add component. Clean all parameters for all variants
Added Component: Designator=R26(0603)
Add component. Clean all parameters for all variants
Added Component: Designator=R27(0603)
Add component. Clean all parameters for all variants
Added Component: Designator=R28(0603)
Add component. Clean all parameters for all variants
Added Component: Designator=R29(0603)
Add component. Clean all parameters for all variants
Added Component: Designator=R30(0603)
Add component. Clean all parameters for all variants
Added Component: Designator=R31(0603)
Add component. Clean all parameters for all variants
Added Component: Designator=R32(0603)
Add component. Clean all parameters for all variants
Added Component: Designator=R33(0603)
Add component. Clean all parameters for all variants
Added Component: Designator=T3(ZMCT103E)
Add component. Clean all parameters for all variants
Added Component: Designator=T4(ZMPT101B)
Add component. Clean all parameters for all variants
Add component (AddParameter): Name = "ROM名称"; Value = "数字隔离变压器"; VariantName = "[No Variations]"
Add component (AddParameter): Name = "学习资源"; Value = "www.ooocke.com"; VariantName = "[No Variations]"
Add component (AddParameter): Name = "版权归属"; Value = "源创客"; VariantName = "[No Variations]"
Added Component: Designator=U?(LQFP48_N)
Add component. Clean all parameters for all variants
Add component (AddParameter): Name = ""; Value = "https://shop463601444.taobao.com"; VariantName = "[No Variations]"
Add component (AddParameter): Name = "ComponentLink1Description"; Value = "Manufacturer URL"; VariantName = "[No Variations]"
Add component (AddParameter): Name = "ComponentLink1URL"; Value = "http://www.st.com/"; VariantName = "[No Variations]"
Add component (AddParameter): Name = "ComponentLink2Description"; Value = "STM32F103 Datasheet"; VariantName = "[No Variations]"
Add component (AddParameter): Name = "ComponentLink2URL"; Value = "http://www.st.com/internet/com/TECHNICAL_RESOURCES/TECHNICAL_LITERATURE/DATASHEET/CD00161566.pdf"; VariantName = "[No Variations]"
Add component (AddParameter): Name = "ComponentLink3Description"; Value = "STM32 Family Web Page"; VariantName = "[No Variations]"
Add component (AddParameter): Name = "ComponentLink3URL"; Value = "www.st.com/stm32"; VariantName = "[No Variations]"
Add component (AddParameter): Name = "DatasheetVersion"; Value = "rev13.0, Apr-2011"; VariantName = "[No Variations]"
Add component (AddParameter): Name = "PackageDescription"; Value = "48-Pin Low-Profile Quad Flat Pack, 7 x 7 mm Body, 0.5 mm Pitch (LQFP48)"; VariantName = "[No Variations]"
Add component (AddParameter): Name = "PackageReference"; Value = "LQFP48"; VariantName = "[No Variations]"
Add component (AddParameter): Name = "PackageVersion"; Value = "rev13, Apr-2011"; VariantName = "[No Variations]"
Add component (AddParameter): Name = "联系售后"; Value = "https://shop463601444.taobao.com"; VariantName = "[No Variations]"
Added Pin To Net: NetName=Net*2_3 Pin=*2-3
Added Pin To Net: NetName=GND Pin=*3-4
Added Pin To Net: NetName=RX1 Pin=*3-6
Added Pin To Net: NetName=TX1 Pin=*3-7
Added Pin To Net: NetName=+3.3V Pin=*3-8
Added Pin To Net: NetName=GND Pin=C9-1
Added Pin To Net: NetName=+3.3V Pin=C9-2
Added Pin To Net: NetName=GND Pin=C10-2
Added Pin To Net: NetName=GND Pin=C13-1
Added Pin To Net: NetName=GND Pin=C14-2
Added Pin To Net: NetName=Net*2_3 Pin=C15-1
Added Pin To Net: NetName=GND Pin=C15-2
Added Pin To Net: NetName=GND Pin=C16-2
Added Pin To Net: NetName=+3.3V Pin=J3-1
Added Pin To Net: NetName=TX1 Pin=J3-2
Added Pin To Net: NetName=RX1 Pin=J3-3
Added Pin To Net: NetName=Net*1_3 Pin=J4-3
Added Pin To Net: NetName=N Pin=J8-1
Added Pin To Net: NetName=L Pin=J8-2
Added Pin To Net: NetName=GND Pin=J9-2
Added Pin To Net: NetName=GND Pin=J10-1
Added Pin To Net: NetName=GND Pin=J11-2
Added Pin To Net: NetName=DGND Pin=J12-10
Added Pin To Net: NetName=+5V Pin=J12-11
Added Pin To Net: NetName=GND Pin=R3-1
Added Pin To Net: NetName=L Pin=R27-1
Added Pin To Net: NetName=GND Pin=R19-1
Added Pin To Net: NetName=GND Pin=R21-1
Added Pin To Net: NetName=Net*2_3 Pin=R26-2
Added Pin To Net: NetName=ON Pin=R27-1
Added Pin To Net: NetName=GND Pin=R32-1
Added Pin To Net: NetName=Net*2_3 Pin=R32-2
Added Pin To Net: NetName=GND Pin=R33-1
Added Pin To Net: NetName=GND Pin=T3-2
Added Pin To Net: NetName=N Pin=T4-2
Added Pin To Net: NetName=GND Pin=T4-4
Change Net Name : Old Net Name=Net*1_1 New Net Name=Net*2_1
Change Net Name : Old Net Name=Net*1_2 New Net Name=Net*2_2
Change Net Name : Old Net Name=Net*1_3 New Net Name=NetC6_1
Change Net Name : Old Net Name=Net*1_5 New Net Name=Net*2_5
Change Net Name : Old Net Name=Net*2_1 New Net Name=Net*1_1
Change Net Name : Old Net Name=Net*2_2 New Net Name=Net*1_2
Change Net Name : Old Net Name=Net*2_5 New Net Name=Net*1_5
Change Net Name : Old Net Name=NetJ1_2 New Net Name=NetJ7_2
Change Net Name : Old Net Name=NetJ3_1 New Net Name=NetJ2_1
Change Net Name : Old Net Name=NetJ4_2 New Net Name=NetJ6_2
Change Net Name : Old Net Name=NetQ2_2 New Net Name=NetQ1_2
Change Net Name : Old Net Name=NetR7_2 New Net Name=NetR10_2
Change Net Name : Old Net Name=NetR8_2 New Net Name=NetR11_2
Change Net Name : Old Net Name=NetR9_2 New Net Name=NetR12_2
Change Net Name : Old Net Name=NetR10_2 New Net Name=NetR13_2
Change Net Name : Old Net Name=NetR12_2 New Net Name=NetR5_2
Change Net Name : Old Net Name=NetR13_2 New Net Name=NetR6_2
Change Net Name : Old Net Name=NetR15_2 New Net Name=NetA1_1
Change Net Name : Old Net Name=NetR16_2 New Net Name=NetA1_2
Change Net Name : Old Net Name=NetR19_2 New Net Name=NetR34_2
Change Net Name : Old Net Name=NetS?_2 New Net Name=NetS1_2
Added Pin To Net: NetName=Net*1_3 Pin=*3-3
Added Pin To Net: NetName=Net*1_3 Pin=J4-2
Added Net: Name=Net*1_3
Added Pin To Net: NetName=Net*3_1 Pin=*3-1
Added Pin To Net: NetName=Net*3_1 Pin=C10-1
Added Pin To Net: NetName=Net*3_1 Pin=R17-2
Added Net: Name=Net*3_1
Added Pin To Net: NetName=Net*3_2 Pin=*3-2
Added Pin To Net: NetName=Net*3_2 Pin=C13-2
Added Pin To Net: NetName=Net*3_2 Pin=R21-2
Added Net: Name=Net*3_2
Added Pin To Net: NetName=Net*3_3 Pin=*3-3
Added Pin To Net: NetName=Net*3_3 Pin=C16-1
Added Net: Name=Net*3_3
Added Pin To Net: NetName=Net*3_5 Pin=*3-5
Added Pin To Net: NetName=Net*3_5 Pin=C14-1
Added Net: Name=Net*3_5
Added Pin To Net: NetName=NetC5_1 Pin=C16-1
Added Pin To Net: NetName=NetC5_1 Pin=J4-1
Added Net: Name=NetC5_1
Added Pin To Net: NetName=NetJ3_4 Pin=J3-4
Added Pin To Net: NetName=NetJ3_4 Pin=R3-2
Added Net: Name=NetJ3_4
Added Pin To Net: NetName=NetJ9_1 Pin=J9-1
Added Pin To Net: NetName=NetJ9_1 Pin=R17-1
Added Pin To Net: NetName=NetJ9_1 Pin=R19-2
Added Pin To Net: NetName=NetJ9_1 Pin=T3-1
Added Net: Name=NetJ9_1
Added Pin To Net: NetName=NetJ10_2 Pin=J10-2
Added Pin To Net: NetName=NetJ10_2 Pin=R22-1
Added Net: Name=NetJ10_2
Added Pin To Net: NetName=NetJ11_1 Pin=J11-1
Added Pin To Net: NetName=NetJ11_1 Pin=R33-2
Added Pin To Net: NetName=NetJ11_1 Pin=T4-3
Added Net: Name=NetJ11_1
Added Pin To Net: NetName=NetR7_2 Pin=R29-2
Added Pin To Net: NetName=NetR7_2 Pin=R30-1
Added Net: Name=NetR7_2
Added Pin To Net: NetName=NetR22_2 Pin=R22-2
Added Pin To Net: NetName=NetR22_2 Pin=R23-1
Added Net: Name=NetR22_2
Added Pin To Net: NetName=NetR23_2 Pin=R23-2
Added Pin To Net: NetName=NetR23_2 Pin=R24-1
Added Net: Name=NetR23_2
Added Pin To Net: NetName=NetR24_2 Pin=R24-2
Added Pin To Net: NetName=NetR24_2 Pin=R25-1
Added Net: Name=NetR24_2
Added Pin To Net: NetName=NetR25_2 Pin=R25-2
Added Pin To Net: NetName=NetR25_2 Pin=R26-1
Added Net: Name=NetR25_2
Added Pin To Net: NetName=NetR27_2 Pin=R27-2
Added Pin To Net: NetName=NetR27_2 Pin=R28-1
Added Net: Name=NetR27_2
Added Pin To Net: NetName=NetR28_2 Pin=R28-2
Added Pin To Net: NetName=NetR28_2 Pin=R29-1
Added Net: Name=NetR28_2
Added Pin To Net: NetName=NetR30_2 Pin=R30-2
Added Pin To Net: NetName=NetR30_2 Pin=R31-1
Added Net: Name=NetR30_2
Added Pin To Net: NetName=NetR31_2 Pin=R31-2
Added Pin To Net: NetName=NetR31_2 Pin=T4-1
Added Net: Name=NetR31_2
Added Pin To Net: NetName=PA4 Pin=S2-1
Added Pin To Net: NetName=PA4 Pin=S2-1
Added Pin To Net: NetName=PA4 Pin=U1-12
Added Net: Name=PA4
Added Pin To Net: NetName=PA5 Pin=S3-1
Added Pin To Net: NetName=PA5 Pin=S3-1
Added Pin To Net: NetName=PA5 Pin=U1-11
Added Net: Name=PA5
Added Pin To Net: NetName=PA6 Pin=S4-1
Added Pin To Net: NetName=PA6 Pin=S4-1
Added Pin To Net: NetName=PA6 Pin=U1-10
Added Net: Name=PA6
Added Pin To Net: NetName=PA7 Pin=S5-1
Added Pin To Net: NetName=PA7 Pin=S5-1
Added Pin To Net: NetName=PA7 Pin=U1-9
Added Net: Name=PA7
Added Pin To Net: NetName=SPI2_CLK Pin=J12-5
Added Pin To Net: NetName=SPI2_CLK Pin=U1-39
Added Net: Name=SPI2_CLK
Added Pin To Net: NetName=SPI2_CS Pin=J12-1
Added Pin To Net: NetName=SPI2_CS Pin=U1-40
Added Net: Name=SPI2_CS
Added Pin To Net: NetName=SPI2_MISO Pin=U1-38
Added Net: Name=SPI2_MISO
Added Pin To Net: NetName=SPI2_MOSI Pin=U1-37
Added Net: Name=SPI2_MOSI
Added Pin To Net: NetName=TFT_DC Pin=J12-3
Added Pin To Net: NetName=TFT_DC Pin=U1-32
Added Net: Name=TFT_DC
Added Pin To Net: NetName=TFT_RES Pin=J12-2
Added Pin To Net: NetName=TFT_RES Pin=U1-33
Added Net: Name=TFT_RES
Added Class: Name=Sheet_manual
Added Member To Class: ClassName=Sheet1 Member=Component J12 CON11
Added Member To Class: ClassName=Sheet1 Member=Component S5 SW-PB
Added Member To Class: ClassName=Sheet1 Member=Component U? STM32F103C8T6
Added Room: Name=Sheet1
Added Room: Name=Sheet_manual
