Change Component Designator: OldDesignator=*2 NewDesignator=*1
Change Component Designator: OldDesignator=C7 NewDesignator=C1
Change Component Designator: OldDesignator=C8 NewDesignator=C2
Change Component Designator: OldDesignator=C9 NewDesignator=C3
Change Component Designator: OldDesignator=C10 NewDesignator=C4
Change Component Designator: OldDesignator=C11 NewDesignator=C5
Change Component Designator: OldDesignator=C12 NewDesignator=C6
Change Component Designator: OldDesignator=J7 NewDesignator=J1
Change Component Designator: OldDesignator=J8 NewDesignator=J2
Change Component Designator: OldDesignator=J9 NewDesignator=J3
Change Component Designator: OldDesignator=J10 NewDesignator=J8
Change Component Designator: OldDesignator=J11 NewDesignator=J9
Change Component Designator: OldDesignator=J? NewDesignator=J4
Change Component Designator: OldDesignator=J? NewDesignator=J5
Change Component Designator: OldDesignator=J? NewDesignator=J6
Change Component Designator: OldDesignator=J? NewDesignator=J7
Change Component Designator: OldDesignator=R16 NewDesignator=R1
Change Component Designator: OldDesignator=R17 NewDesignator=R2
Change Component Designator: OldDesignator=R18 NewDesignator=R3
Change Component Designator: OldDesignator=R19 NewDesignator=R4
Change Component Designator: OldDesignator=R20 NewDesignator=R5
Change Component Designator: OldDesignator=R21 NewDesignator=R6
Change Component Designator: OldDesignator=R22 NewDesignator=R7
Change Component Designator: OldDesignator=R23 NewDesignator=R8
Change Component Designator: OldDesignator=R24 NewDesignator=R9
Change Component Designator: OldDesignator=R25 NewDesignator=R10
Change Component Designator: OldDesignator=R26 NewDesignator=R11
Change Component Designator: OldDesignator=R27 NewDesignator=R12
Change Component Designator: OldDesignator=R28 NewDesignator=R13
Change Component Designator: OldDesignator=R29 NewDesignator=R14
Change Component Designator: OldDesignator=R30 NewDesignator=R15
Change Component Designator: OldDesignator=R31 NewDesignator=R16
Change Component Designator: OldDesignator=R32 NewDesignator=R17
Change Component Designator: OldDesignator=R33 NewDesignator=R18
Change Component Designator: OldDesignator=R34 NewDesignator=R19
Change Component Designator: OldDesignator=R35 NewDesignator=R20
Change Component Designator: OldDesignator=R36 NewDesignator=R21
Change Component Designator: OldDesignator=R37 NewDesignator=R22
Change Component Designator: OldDesignator=R38 NewDesignator=R23
Change Component Designator: OldDesignator=R40 NewDesignator=R24
Change Component Designator: OldDesignator=R41 NewDesignator=R25
Change Component Designator: OldDesignator=R42 NewDesignator=R26
Change Component Designator: OldDesignator=R43 NewDesignator=R27
Change Component Designator: OldDesignator=S3 NewDesignator=S2
Change Component Designator: OldDesignator=S4 NewDesignator=S3
Change Component Designator: OldDesignator=S5 NewDesignator=S4
Change Component Designator: OldDesignator=T3 NewDesignator=T1
Change Component Designator: OldDesignator=T4 NewDesignator=T2
Change Net Name : Old Net Name=Net*2_1 New Net Name=Net*1_1
Change Net Name : Old Net Name=Net*2_2 New Net Name=Net*1_2
Change Net Name : Old Net Name=Net*2_3 New Net Name=Net*1_3
Change Net Name : Old Net Name=Net*2_5 New Net Name=Net*1_5
Change Net Name : Old Net Name=NetJ11_2 New Net Name=NetJ9_2
Change Net Name : Old Net Name=NetR21_2 New Net Name=NetR6_2
Change Net Name : Old Net Name=NetR22_2 New Net Name=NetR7_2
Change Net Name : Old Net Name=NetR24_2 New Net Name=NetR9_2
Change Net Name : Old Net Name=NetR25_2 New Net Name=NetR10_2
Change Net Name : Old Net Name=NetR26_2 New Net Name=NetR11_2
Change Net Name : Old Net Name=NetR28_2 New Net Name=NetR13_2
Change Net Name : Old Net Name=NetR33_2 New Net Name=NetR18_2
Change Net Name : Old Net Name=NetR34_2 New Net Name=NetR19_2
Change Net Name : Old Net Name=NetR35_2 New Net Name=NetR20_2
Change Net Name : Old Net Name=NetR36_2 New Net Name=NetR21_2
Change Net Name : Old Net Name=NetR40_2 New Net Name=NetR24_2
Change Net Name : Old Net Name=NetR41_2 New Net Name=NetR25_2
Change Net Name : Old Net Name=NetR42_2 New Net Name=NetR26_2
Added Member To Class: ClassName=Sheet1 Member=Component J4 CON4
Added Member To Class: ClassName=Sheet1 Member=Component J5 CON4
Added Member To Class: ClassName=Sheet1 Member=Component J7 CON4
