Change Component Comment : Designator=R2 Old Comment=1R New Comment=10R
Change Component Designator: OldDesignator=* NewDesignator=*2
Change Component Designator: OldDesignator=C1 NewDesignator=C4
Change Component Designator: OldDesignator=C2 NewDesignator=C7
Change Component Designator: OldDesignator=R1 NewDesignator=R2
Change Component Designator: OldDesignator=R2 NewDesignator=R4
Change Component Designator: OldDesignator=R3 NewDesignator=R6
Added Component: Designator=*1(SOP8W_M)
Add component. Clean all parameters for all variants
Added Component: Designator=B1(GBU)
Add component. Clean all parameters for all variants
Add component (AddParameter): Name = "BOM名称"; Value = "1KV/10A整流桥"; VariantName = "[No Variations]"
Add component (AddParameter): Name = "学习资源"; Value = "www.ooocke.com"; VariantName = "[No Variations]"
Add component (AddParameter): Name = "版权归属"; Value = "封装库来自淘宝 ID：黄晶宝石"; VariantName = "[No Variations]"
Added Component: Designator=C1(1206)
Add component. Clean all parameters for all variants
Added Component: Designator=C2(1206)
Add component. Clean all parameters for all variants
Added Component: Designator=C3(1206)
Add component. Clean all parameters for all variants
Added Component: Designator=C5(1206)
Add component. Clean all parameters for all variants
Added Component: Designator=C6(1206)
Add component. Clean all parameters for all variants
Added Component: Designator=C8(1206)
Add component. Clean all parameters for all variants
Added Component: Designator=C9(1206)
Add component. Clean all parameters for all variants
Added Component: Designator=C10(1206)
Add component. Clean all parameters for all variants
Added Component: Designator=C11(CAO1)
Add component. Clean all parameters for all variants
Added Component: Designator=c12(CAO1)
Add component. Clean all parameters for all variants
Added Component: Designator=c13(CAO1)
Add component. Clean all parameters for all variants
Added Component: Designator=C14(1206)
Add component. Clean all parameters for all variants
Added Component: Designator=D1(LED_1206)
Add component. Clean all parameters for all variants
Added Component: Designator=D2(DIODE0.4)
Add component. Clean all parameters for all variants
Added Component: Designator=D3(LED_1206)
Add component. Clean all parameters for all variants
Added Component: Designator=D4(LED_1206)
Add component. Clean all parameters for all variants
Added Component: Designator=J1(sip-2)
Add component. Clean all parameters for all variants
Added Component: Designator=J2(sip-2)
Add component. Clean all parameters for all variants
Added Component: Designator=J3(sip-2)
Add component. Clean all parameters for all variants
Added Component: Designator=J4(sip-2)
Add component. Clean all parameters for all variants
Added Component: Designator=J5(sip-2)
Add component. Clean all parameters for all variants
Added Component: Designator=JK1(SRD-C_B)
Add component. Clean all parameters for all variants
Add component (AddParameter): Name = "BOM名称"; Value = "5V继电器"; VariantName = "[No Variations]"
Add component (AddParameter): Name = "学习资源"; Value = "www.ooocke.com"; VariantName = "[No Variations]"
Add component (AddParameter): Name = "版权归属"; Value = "源创客"; VariantName = "[No Variations]"
Added Component: Designator=JP?(IDC-8)
Add component. Clean all parameters for all variants
Added Component: Designator=R1(0603)
Add component. Clean all parameters for all variants
Added Component: Designator=R3(0603)
Add component. Clean all parameters for all variants
Added Component: Designator=R5(0603)
Add component. Clean all parameters for all variants
Added Component: Designator=R7(0603)
Add component. Clean all parameters for all variants
Added Component: Designator=R8(0603)
Add component. Clean all parameters for all variants
Added Component: Designator=R9(0603)
Add component. Clean all parameters for all variants
Added Component: Designator=R10(0603)
Add component. Clean all parameters for all variants
Added Component: Designator=R11(0603)
Add component. Clean all parameters for all variants
Added Component: Designator=R12(0603)
Add component. Clean all parameters for all variants
Added Component: Designator=R13(0603)
Add component. Clean all parameters for all variants
Added Component: Designator=R14(0603)
Add component. Clean all parameters for all variants
Added Component: Designator=R15(0603)
Add component. Clean all parameters for all variants
Added Component: Designator=R16(0603)
Add component. Clean all parameters for all variants
Added Component: Designator=R17(0603)
Add component. Clean all parameters for all variants
Added Component: Designator=R18(0603)
Add component. Clean all parameters for all variants
Added Component: Designator=R19(0603)
Add component. Clean all parameters for all variants
Added Component: Designator=R20(0603)
Add component. Clean all parameters for all variants
Added Component: Designator=R21(0603)
Add component. Clean all parameters for all variants
Added Component: Designator=R22(0603)
Add component. Clean all parameters for all variants
Added Component: Designator=R23(0603)
Add component. Clean all parameters for all variants
Added Component: Designator=S1(SW6*6)
Add component. Clean all parameters for all variants
Added Component: Designator=S2(SW6*6)
Add component. Clean all parameters for all variants
Added Component: Designator=S3(SW6*6)
Add component. Clean all parameters for all variants
Added Component: Designator=S4(SW6*6)
Add component. Clean all parameters for all variants
Added Component: Designator=T3(STO-23)
Add component. Clean all parameters for all variants
Added Component: Designator=U1(STM32F103C8T6核心板)
Add component. Clean all parameters for all variants
Added Component: Designator=U2(TO-220)
Add component. Clean all parameters for all variants
Added Component: Designator=负载1(KF7620-2P)
Add component. Clean all parameters for all variants
Add component (AddParameter): Name = "BOM名称"; Value = "2P接插件"; VariantName = "[No Variations]"
Add component (AddParameter): Name = "学习资源"; Value = "https://shop463601444.taobao.com"; VariantName = "[No Variations]"
Add component (AddParameter): Name = "版权归属"; Value = "封装库来自淘宝 ID：黄晶宝石"; VariantName = "[No Variations]"
Added Pin To Net: NetName=GND Pin=*1-4
Added Pin To Net: NetName=GND Pin=*2-4
Added Pin To Net: NetName=GND Pin=B1-DC-
Added Pin To Net: NetName=GND Pin=C1-2
Added Pin To Net: NetName=GND Pin=C2-1
Added Pin To Net: NetName=GND Pin=C3-1
Added Pin To Net: NetName=GND Pin=C5-1
Added Pin To Net: NetName=GND Pin=C6-2
Added Pin To Net: NetName=GND Pin=C8-2
Added Pin To Net: NetName=GND Pin=C9-2
Added Pin To Net: NetName=GND Pin=C10-2
Added Pin To Net: NetName=GND Pin=C11-2
Added Pin To Net: NetName=GND Pin=c12-2
Added Pin To Net: NetName=GND Pin=c13-2
Added Pin To Net: NetName=GND Pin=C14-2
Added Pin To Net: NetName=GND Pin=D4-2
Added Pin To Net: NetName=GND Pin=J1-1
Added Pin To Net: NetName=NetR1_1 Pin=J3-1
Added Pin To Net: NetName=GND Pin=J3-2
Added Pin To Net: NetName=GND Pin=J4-1
Added Pin To Net: NetName=GND Pin=J5-2
Added Pin To Net: NetName=GND Pin=R3-1
Added Pin To Net: NetName=GND Pin=R5-1
Added Pin To Net: NetName=GND Pin=R17-1
Added Pin To Net: NetName=GND Pin=R18-1
Added Pin To Net: NetName=GND Pin=R19-1
Added Pin To Net: NetName=GND Pin=T3-2
Added Pin To Net: NetName=GND Pin=U2-2
Change Net Name : Old Net Name=Net*_1 New Net Name=Net*2_1
Change Net Name : Old Net Name=Net*_2 New Net Name=Net*2_2
Change Net Name : Old Net Name=NetR1_1 New Net Name=NetJ3_1
Added Pin To Net: NetName=+3.3V Pin=*1-8
Added Pin To Net: NetName=+3.3V Pin=*2-8
Added Pin To Net: NetName=+3.3V Pin=C2-2
Added Pin To Net: NetName=+3.3V Pin=C3-2
Added Pin To Net: NetName=+3.3V Pin=D2-2
Added Pin To Net: NetName=+3.3V Pin=JK1-1
Added Pin To Net: NetName=+3.3V Pin=JP?-1
Added Pin To Net: NetName=+3.3V Pin=R22-1
Added Pin To Net: NetName=+3.3V Pin=U1-21
Added Net: Name=+3.3V
Added Pin To Net: NetName=+5V Pin=c13-1
Added Pin To Net: NetName=+5V Pin=C14-1
Added Pin To Net: NetName=+5V Pin=R23-2
Added Pin To Net: NetName=+5V Pin=U1-23
Added Pin To Net: NetName=+5V Pin=U2-3
Added Net: Name=+5V
Added Pin To Net: NetName=DGND Pin=JP?-8
Added Pin To Net: NetName=DGND Pin=S1-2
Added Pin To Net: NetName=DGND Pin=S1-2
Added Pin To Net: NetName=DGND Pin=S2-2
Added Pin To Net: NetName=DGND Pin=S2-2
Added Pin To Net: NetName=DGND Pin=S3-2
Added Pin To Net: NetName=DGND Pin=S3-2
Added Pin To Net: NetName=DGND Pin=S4-2
Added Pin To Net: NetName=DGND Pin=S4-2
Added Net: Name=DGND
Added Pin To Net: NetName=L Pin=B1-AC1
Added Net: Name=L
Added Pin To Net: NetName=Net*1_1 Pin=*1-1
Added Pin To Net: NetName=Net*1_1 Pin=C1-1
Added Pin To Net: NetName=Net*1_1 Pin=R1-2
Added Net: Name=Net*1_1
Added Pin To Net: NetName=Net*1_2 Pin=*1-2
Added Pin To Net: NetName=Net*1_2 Pin=C5-2
Added Pin To Net: NetName=Net*1_2 Pin=R5-2
Added Net: Name=Net*1_2
Added Pin To Net: NetName=Net*1_3 Pin=*1-3
Added Pin To Net: NetName=Net*1_3 Pin=C9-1
Added Pin To Net: NetName=Net*1_3 Pin=R11-2
Added Pin To Net: NetName=Net*1_3 Pin=R17-2
Added Net: Name=Net*1_3
Added Pin To Net: NetName=Net*1_5 Pin=*1-5
Added Pin To Net: NetName=Net*1_5 Pin=C6-1
Added Net: Name=Net*1_5
Added Pin To Net: NetName=Net*2_3 Pin=*2-3
Added Pin To Net: NetName=Net*2_3 Pin=C10-1
Added Net: Name=Net*2_3
Added Pin To Net: NetName=Net*2_5 Pin=*2-5
Added Pin To Net: NetName=Net*2_5 Pin=C8-1
Added Net: Name=Net*2_5
Added Pin To Net: NetName=NetB1_DC+ Pin=B1-DC+
Added Pin To Net: NetName=NetB1_DC+ Pin=C11-1
Added Pin To Net: NetName=NetB1_DC+ Pin=c12-1
Added Pin To Net: NetName=NetB1_DC+ Pin=U2-1
Added Net: Name=NetB1_DC+
Added Pin To Net: NetName=NetD1_2 Pin=D1-2
Added Pin To Net: NetName=NetD1_2 Pin=R20-2
Added Net: Name=NetD1_2
Added Pin To Net: NetName=NetD2_1 Pin=D2-1
Added Pin To Net: NetName=NetD2_1 Pin=JK1-2
Added Pin To Net: NetName=NetD2_1 Pin=T3-3
Added Net: Name=NetD2_1
Added Pin To Net: NetName=NetD3_1 Pin=D3-1
Added Pin To Net: NetName=NetD3_1 Pin=R22-2
Added Net: Name=NetD3_1
Added Pin To Net: NetName=NetD4_1 Pin=D4-1
Added Pin To Net: NetName=NetD4_1 Pin=R23-1
Added Net: Name=NetD4_1
Added Pin To Net: NetName=NetF1_1 Pin=J2-2
Added Net: Name=NetF1_1
Added Pin To Net: NetName=NetJ1_2 Pin=J1-2
Added Pin To Net: NetName=NetJ1_2 Pin=R1-1
Added Pin To Net: NetName=NetJ1_2 Pin=R3-2
Added Net: Name=NetJ1_2
Added Pin To Net: NetName=NetJ4_2 Pin=J4-2
Added Pin To Net: NetName=NetJ4_2 Pin=R7-1
Added Net: Name=NetJ4_2
Added Pin To Net: NetName=NetJ5_1 Pin=J5-1
Added Pin To Net: NetName=NetJ5_1 Pin=R18-2
Added Net: Name=NetJ5_1
Added Pin To Net: NetName=NetJK1_3 Pin=JK1-3
Added Pin To Net: NetName=NetJK1_3 Pin=负载1-1
Added Net: Name=NetJK1_3
Added Pin To Net: NetName=NetJK1_5 Pin=JK1-5
Added Pin To Net: NetName=NetJK1_5 Pin=R20-1
Added Net: Name=NetJK1_5
Added Pin To Net: NetName=NetR7_2 Pin=R7-2
Added Pin To Net: NetName=NetR7_2 Pin=R8-1
Added Net: Name=NetR7_2
Added Pin To Net: NetName=NetR8_2 Pin=R8-2
Added Pin To Net: NetName=NetR8_2 Pin=R9-1
Added Net: Name=NetR8_2
Added Pin To Net: NetName=NetR9_2 Pin=R9-2
Added Pin To Net: NetName=NetR9_2 Pin=R10-1
Added Net: Name=NetR9_2
Added Pin To Net: NetName=NetR10_2 Pin=R10-2
Added Pin To Net: NetName=NetR10_2 Pin=R11-1
Added Net: Name=NetR10_2
Added Pin To Net: NetName=NetR16_2 Pin=R16-2
Added Net: Name=NetR16_2
Added Pin To Net: NetName=NetR19_2 Pin=R19-2
Added Pin To Net: NetName=NetR19_2 Pin=U1-1
Added Net: Name=NetR19_2
Added Pin To Net: NetName=NetR21_2 Pin=R21-2
Added Pin To Net: NetName=NetR21_2 Pin=T3-1
Added Net: Name=NetR21_2
Added Pin To Net: NetName=N Pin=B1-AC2
Added Pin To Net: NetName=N Pin=J2-1
Added Net: Name=N
Added Pin To Net: NetName=ON Pin=R12-1
Added Pin To Net: NetName=ON Pin=负载1-2
Added Net: Name=ON
Added Pin To Net: NetName=PA0 Pin=R21-1
Added Pin To Net: NetName=PA0 Pin=U1-16
Added Net: Name=PA0
Added Pin To Net: NetName=PB3 Pin=S1-1
Added Pin To Net: NetName=PB3 Pin=S1-1
Added Pin To Net: NetName=PB3 Pin=U1-30
Added Net: Name=PB3
Added Pin To Net: NetName=PB4 Pin=S2-1
Added Pin To Net: NetName=PB4 Pin=S2-1
Added Pin To Net: NetName=PB4 Pin=U1-29
Added Net: Name=PB4
Added Pin To Net: NetName=PB5 Pin=S3-1
Added Pin To Net: NetName=PB5 Pin=S3-1
Added Pin To Net: NetName=PB5 Pin=U1-28
Added Net: Name=PB5
Added Pin To Net: NetName=PB6 Pin=S4-1
Added Pin To Net: NetName=PB6 Pin=S4-1
Added Pin To Net: NetName=PB6 Pin=U1-27
Added Net: Name=PB6
Added Pin To Net: NetName=PB12 Pin=JP?-3
Added Pin To Net: NetName=PB12 Pin=U1-40
Added Net: Name=PB12
Added Pin To Net: NetName=PB13 Pin=JP?-4
Added Pin To Net: NetName=PB13 Pin=U1-39
Added Net: Name=PB13
Added Pin To Net: NetName=PB14 Pin=JP?-5
Added Pin To Net: NetName=PB14 Pin=U1-38
Added Net: Name=PB14
Added Pin To Net: NetName=PB15 Pin=JP?-6
Added Pin To Net: NetName=PB15 Pin=U1-37
Added Net: Name=PB15
Added Pin To Net: NetName=PC14 Pin=D3-2
Added Pin To Net: NetName=PC14 Pin=U1-18
Added Net: Name=PC14
Added Pin To Net: NetName=RX1 Pin=*2-6
Added Pin To Net: NetName=RX1 Pin=U1-34
Added Net: Name=RX1
Added Pin To Net: NetName=RX2 Pin=*1-6
Added Pin To Net: NetName=RX2 Pin=U1-13
Added Net: Name=RX2
Added Pin To Net: NetName=RX3 Pin=JP?-7
Added Pin To Net: NetName=RX3 Pin=U1-5
Added Net: Name=RX3
Added Pin To Net: NetName=SPI_MISO Pin=U1-10
Added Net: Name=SPI_MISO
Added Pin To Net: NetName=SPI_MOSI Pin=U1-9
Added Net: Name=SPI_MOSI
Added Pin To Net: NetName=SPI_NSS Pin=U1-12
Added Net: Name=SPI_NSS
Added Pin To Net: NetName=SPI_SCK Pin=U1-11
Added Net: Name=SPI_SCK
Added Pin To Net: NetName=TX1 Pin=*2-7
Added Pin To Net: NetName=TX1 Pin=U1-35
Added Net: Name=TX1
Added Pin To Net: NetName=TX2 Pin=*1-7
Added Pin To Net: NetName=TX2 Pin=U1-14
Added Net: Name=TX2
Added Pin To Net: NetName=TX3 Pin=JP?-2
Added Pin To Net: NetName=TX3 Pin=U1-6
Added Net: Name=TX3
Added Member To Class: ClassName=Sheet1 Member=Component *1 HLW8110
Added Member To Class: ClassName=Sheet1 Member=Component B1 GBU
Added Member To Class: ClassName=Sheet1 Member=Component C3 0.1uf
Added Member To Class: ClassName=Sheet1 Member=Component C4 330nf
Added Member To Class: ClassName=Sheet1 Member=Component C5 330nf
Added Member To Class: ClassName=Sheet1 Member=Component C6 0.1uf
Added Member To Class: ClassName=Sheet1 Member=Component C7 330nf
Added Member To Class: ClassName=Sheet1 Member=Component C8 0.1uf
Added Member To Class: ClassName=Sheet1 Member=Component C9 33nf
Added Member To Class: ClassName=Sheet1 Member=Component C10 33nf
Added Member To Class: ClassName=Sheet1 Member=Component C11 4700
Added Member To Class: ClassName=Sheet1 Member=Component c12 4700
Added Member To Class: ClassName=Sheet1 Member=Component c13 470
Added Member To Class: ClassName=Sheet1 Member=Component C14 104
Added Member To Class: ClassName=Sheet1 Member=Component D1 LED
Added Member To Class: ClassName=Sheet1 Member=Component D2 1N4007
Added Member To Class: ClassName=Sheet1 Member=Component D3 LED
Added Member To Class: ClassName=Sheet1 Member=Component D4 LED
Added Member To Class: ClassName=Sheet1 Member=Component J1 CON2
Added Member To Class: ClassName=Sheet1 Member=Component J2 CON2
Added Member To Class: ClassName=Sheet1 Member=Component J3 CON2
Added Member To Class: ClassName=Sheet1 Member=Component J4 CON2
Added Member To Class: ClassName=Sheet1 Member=Component J5 CON2
Added Member To Class: ClassName=Sheet1 Member=Component JK1 SRD-05VDC-SL-C
Added Member To Class: ClassName=Sheet1 Member=Component JP? HEADER 4X2
Added Member To Class: ClassName=Sheet1 Member=Component R4 10R
Added Member To Class: ClassName=Sheet1 Member=Component R5 100R
Added Member To Class: ClassName=Sheet1 Member=Component R6 100R
Added Member To Class: ClassName=Sheet1 Member=Component R7 20K
Added Member To Class: ClassName=Sheet1 Member=Component R8 20K
Added Member To Class: ClassName=Sheet1 Member=Component R9 20K
Added Member To Class: ClassName=Sheet1 Member=Component R10 20K
Added Member To Class: ClassName=Sheet1 Member=Component R11 20K
Added Member To Class: ClassName=Sheet1 Member=Component R12 20k
Added Member To Class: ClassName=Sheet1 Member=Component R13 20k
Added Member To Class: ClassName=Sheet1 Member=Component R14 20k
Added Member To Class: ClassName=Sheet1 Member=Component R15 20k
Added Member To Class: ClassName=Sheet1 Member=Component R16 20k
Added Member To Class: ClassName=Sheet1 Member=Component R17 1k
Added Member To Class: ClassName=Sheet1 Member=Component R18 100R
Added Member To Class: ClassName=Sheet1 Member=Component R19 0R
Added Member To Class: ClassName=Sheet1 Member=Component R20 30K
Added Member To Class: ClassName=Sheet1 Member=Component R21 510
Added Member To Class: ClassName=Sheet1 Member=Component R22 0R
Added Member To Class: ClassName=Sheet1 Member=Component R23 RES
Added Member To Class: ClassName=Sheet1 Member=Component S1 SW-PB
Added Member To Class: ClassName=Sheet1 Member=Component S2 SW-PB
Added Member To Class: ClassName=Sheet1 Member=Component S3 SW-PB
Added Member To Class: ClassName=Sheet1 Member=Component S4 SW-PB
Added Member To Class: ClassName=Sheet1 Member=Component T3 8050
Added Member To Class: ClassName=Sheet1 Member=Component U1 STM32F103C8T6核心板
Added Member To Class: ClassName=Sheet1 Member=Component U2 78L05
Added Member To Class: ClassName=Sheet1 Member=Component 负载1 HDR-1X2
Added Room: Name=Sheet1
