Removed Pin From Net: NetName=N Pin=R1-2
Removed Member From Class: ClassName=Sheet1 Member=J8
Removed Member From Class: ClassName=Sheet1 Member=R26
Removed Member From Class: ClassName=Sheet1 Member=R28
Change Component Designator: OldDesignator=D3 NewDesignator=D2
Change Component Designator: OldDesignator=J2 NewDesignator=交流输入1
Change Component Designator: OldDesignator=J3 NewDesignator=J2
Change Component Designator: OldDesignator=J4 NewDesignator=J3
Change Component Designator: OldDesignator=J5 NewDesignator=J4
Change Component Designator: OldDesignator=J6 NewDesignator=J5
Change Component Designator: OldDesignator=J7 NewDesignator=J6
Change Component Designator: OldDesignator=J8 NewDesignator=J7
Change Component Designator: OldDesignator=J9 NewDesignator=直流输入1
Change Component Designator: OldDesignator=R1 NewDesignator=交流负载1
Change Component Designator: OldDesignator=R2 NewDesignator=R1
Change Component Designator: OldDesignator=R3 NewDesignator=R2
Change Component Designator: OldDesignator=R4 NewDesignator=R3
Change Component Designator: OldDesignator=R5 NewDesignator=R4
Change Component Designator: OldDesignator=R6 NewDesignator=R5
Change Component Designator: OldDesignator=R7 NewDesignator=R6
Change Component Designator: OldDesignator=R8 NewDesignator=R7
Change Component Designator: OldDesignator=R9 NewDesignator=R8
Change Component Designator: OldDesignator=R10 NewDesignator=R9
Change Component Designator: OldDesignator=R11 NewDesignator=R10
Change Component Designator: OldDesignator=R12 NewDesignator=R11
Change Component Designator: OldDesignator=R13 NewDesignator=R12
Change Component Designator: OldDesignator=R14 NewDesignator=R13
Change Component Designator: OldDesignator=R15 NewDesignator=R14
Change Component Designator: OldDesignator=R16 NewDesignator=R15
Change Component Designator: OldDesignator=R17 NewDesignator=直流负载1
Change Component Designator: OldDesignator=R18 NewDesignator=R16
Change Component Designator: OldDesignator=R19 NewDesignator=R17
Change Component Designator: OldDesignator=R20 NewDesignator=R18
Change Component Designator: OldDesignator=R21 NewDesignator=R19
Change Component Designator: OldDesignator=R22 NewDesignator=R20
Change Component Designator: OldDesignator=R23 NewDesignator=R21
Change Component Designator: OldDesignator=R24 NewDesignator=R23
Change Component Designator: OldDesignator=R25 NewDesignator=R24
Change Component Designator: OldDesignator=R26 NewDesignator=R25
Change Component Designator: OldDesignator=R28 NewDesignator=R22
Change Component Designator: OldDesignator=SP? NewDesignator=SP1
Change Component Designator: OldDesignator=SP? NewDesignator=SP2
Change Component Designator: OldDesignator=SP? NewDesignator=SP3
Change Component Designator: OldDesignator=SP? NewDesignator=SP4
Added Component: Designator=1(KF2EDGK5.0-LI-2P)
Add component. Clean all parameters for all variants
Added Pin To Net: NetName=N Pin=1-2
Change Net Name : Old Net Name=NetD3_1 New Net Name=NetD2_1
Change Net Name : Old Net Name=NetJ9_2 New Net Name=NetR16_1
Change Net Name : Old Net Name=NetR6_2 New Net Name=NetR5_2
Change Net Name : Old Net Name=NetR7_2 New Net Name=NetR6_2
Change Net Name : Old Net Name=NetR8_2 New Net Name=NetR7_2
Change Net Name : Old Net Name=NetR9_2 New Net Name=NetR8_2
Change Net Name : Old Net Name=NetR10_2 New Net Name=NetR9_2
Change Net Name : Old Net Name=NetR11_2 New Net Name=NetR10_2
Change Net Name : Old Net Name=NetR13_2 New Net Name=NetR12_2
Change Net Name : Old Net Name=NetR18_2 New Net Name=NetR16_2
Change Net Name : Old Net Name=NetR19_2 New Net Name=NetR17_2
Change Net Name : Old Net Name=NetR20_2 New Net Name=NetR18_2
Change Net Name : Old Net Name=NetR21_2 New Net Name=NetR19_2
Change Net Name : Old Net Name=NetR24_2 New Net Name=NetR23_2
Change Net Name : Old Net Name=NetR25_2 New Net Name=NetR24_2
Change Net Name : Old Net Name=NetR26_2 New Net Name=NetR25_2
Added Pin To Net: NetName=Net1_1 Pin=1-1
Added Pin To Net: NetName=Net1_1 Pin=交流负载1-2
Added Net: Name=Net1_1
Added Member To Class: ClassName=Sheet1 Member=Component 1 导线
Added Member To Class: ClassName=Sheet1 Member=Component SP1 M3铜柱
Added Member To Class: ClassName=Sheet1 Member=Component SP2 M3铜柱
Added Member To Class: ClassName=Sheet1 Member=Component SP4 M3铜柱
Added Member To Class: ClassName=Sheet1 Member=Component 交流负载1 负载
Added Member To Class: ClassName=Sheet1 Member=Component 交流输入1 AC_IN
Added Member To Class: ClassName=Sheet1 Member=Component 直流负载1 负载
