Added Component: Designator=*1(SOP8W_M)
Add component. Clean all parameters for all variants
Added Component: Designator=*2(SOP8W_M)
Add component. Clean all parameters for all variants
Added Component: Designator=*3(SOP8W_M)
Add component. Clean all parameters for all variants
Added Component: Designator=A1(AXIAL0.4)
Add component. Clean all parameters for all variants
Added Component: Designator=B1(GBU)
Add component. Clean all parameters for all variants
Add component (AddParameter): Name = "BOM名称"; Value = "1KV/10A整流桥"; VariantName = "[No Variations]"
Add component (AddParameter): Name = "学习资源"; Value = "www.ooocke.com"; VariantName = "[No Variations]"
Add component (AddParameter): Name = "版权归属"; Value = "封装库来自淘宝 ID：黄晶宝石"; VariantName = "[No Variations]"
Added Component: Designator=C1(CAP2)
Add component. Clean all parameters for all variants
Added Component: Designator=C2(CAP2)
Add component. Clean all parameters for all variants
Added Component: Designator=C3(CAP2)
Add component. Clean all parameters for all variants
Added Component: Designator=C4(CAP2)
Add component. Clean all parameters for all variants
Added Component: Designator=C5(CAP2)
Add component. Clean all parameters for all variants
Added Component: Designator=C6(CAP2)
Add component. Clean all parameters for all variants
Added Component: Designator=C7(0603)
Add component. Clean all parameters for all variants
Added Component: Designator=C8(0603)
Add component. Clean all parameters for all variants
Added Component: Designator=C9(0603)
Add component. Clean all parameters for all variants
Added Component: Designator=C10(0603)
Add component. Clean all parameters for all variants
Added Component: Designator=C11(0603)
Add component. Clean all parameters for all variants
Added Component: Designator=C12(0603)
Add component. Clean all parameters for all variants
Added Component: Designator=C13(0603)
Add component. Clean all parameters for all variants
Added Component: Designator=C14(0603)
Add component. Clean all parameters for all variants
Added Component: Designator=C15(0603)
Add component. Clean all parameters for all variants
Added Component: Designator=C16(0603)
Add component. Clean all parameters for all variants
Added Component: Designator=C17(C12)
Add component. Clean all parameters for all variants
Added Component: Designator=c18(C12)
Add component. Clean all parameters for all variants
Added Component: Designator=c19(CAO2)
Add component. Clean all parameters for all variants
Added Component: Designator=C20(0603)
Add component. Clean all parameters for all variants
Added Component: Designator=D1(LED_1206)
Add component. Clean all parameters for all variants
Added Component: Designator=D2(DIODE0.4)
Add component. Clean all parameters for all variants
Added Component: Designator=D3(LED_1206)
Add component. Clean all parameters for all variants
Added Component: Designator=D4(LED_1206)
Add component. Clean all parameters for all variants
Added Component: Designator=J1(sip-2)
Add component. Clean all parameters for all variants
Added Component: Designator=J2(sip-2)
Add component. Clean all parameters for all variants
Added Component: Designator=J3(sip-4)
Add component. Clean all parameters for all variants
Added Component: Designator=J4(sip-3)
Add component. Clean all parameters for all variants
Added Component: Designator=J5(sip-2)
Add component. Clean all parameters for all variants
Added Component: Designator=J6(sip-2)
Add component. Clean all parameters for all variants
Added Component: Designator=J7(sip-2)
Add component. Clean all parameters for all variants
Added Component: Designator=J8(sip-2)
Add component. Clean all parameters for all variants
Added Component: Designator=J9(sip-2)
Add component. Clean all parameters for all variants
Added Component: Designator=J10(sip-2)
Add component. Clean all parameters for all variants
Added Component: Designator=J11(sip-2)
Add component. Clean all parameters for all variants
Added Component: Designator=J12(SIP-11)
Add component. Clean all parameters for all variants
Added Component: Designator=JK1(SRD-C_B)
Add component. Clean all parameters for all variants
Add component (AddParameter): Name = "BOM名称"; Value = "5V继电器"; VariantName = "[No Variations]"
Add component (AddParameter): Name = "学习资源"; Value = "www.ooocke.com"; VariantName = "[No Variations]"
Add component (AddParameter): Name = "版权归属"; Value = "源创客"; VariantName = "[No Variations]"
Added Component: Designator=JP1(IDC-8)
Add component. Clean all parameters for all variants
Added Component: Designator=Q1(TO92A)
Add component. Clean all parameters for all variants
Add component (AddParameter): Name = "BOM名称"; Value = "高频放大-NPN型"; VariantName = "[No Variations]"
Add component (AddParameter): Name = "学习资源"; Value = "https://shop463601444.taobao.com"; VariantName = "[No Variations]"
Add component (AddParameter): Name = "属性"; Value = "40V 1.5A 1W 100MHZ"; VariantName = "[No Variations]"
Add component (AddParameter): Name = "版权归属"; Value = "封装库来自淘宝 ID：黄晶宝石"; VariantName = "[No Variations]"
Added Component: Designator=R1(AXIAL0.4)
Add component. Clean all parameters for all variants
Added Component: Designator=R2(AXIAL0.4)
Add component. Clean all parameters for all variants
Added Component: Designator=R3(AXIAL0.4)
Add component. Clean all parameters for all variants
Added Component: Designator=R4(AXIAL0.4)
Add component. Clean all parameters for all variants
Added Component: Designator=R5(AXIAL0.4)
Add component. Clean all parameters for all variants
Added Component: Designator=R6(AXIAL0.4)
Add component. Clean all parameters for all variants
Added Component: Designator=R7(AXIAL0.4)
Add component. Clean all parameters for all variants
Added Component: Designator=R8(AXIAL0.4)
Add component. Clean all parameters for all variants
Added Component: Designator=R9(AXIAL0.4)
Add component. Clean all parameters for all variants
Added Component: Designator=R10(AXIAL0.4)
Add component. Clean all parameters for all variants
Added Component: Designator=R11(AXIAL0.4)
Add component. Clean all parameters for all variants
Added Component: Designator=R12(AXIAL0.4)
Add component. Clean all parameters for all variants
Added Component: Designator=R13(AXIAL0.4)
Add component. Clean all parameters for all variants
Added Component: Designator=R14(AXIAL0.4)
Add component. Clean all parameters for all variants
Added Component: Designator=R15(AXIAL0.4)
Add component. Clean all parameters for all variants
Added Component: Designator=R16(0603)
Add component. Clean all parameters for all variants
Added Component: Designator=R17(0603)
Add component. Clean all parameters for all variants
Added Component: Designator=R18(0603)
Add component. Clean all parameters for all variants
Added Component: Designator=R19(0603)
Add component. Clean all parameters for all variants
Added Component: Designator=R20(0603)
Add component. Clean all parameters for all variants
Added Component: Designator=R21(0603)
Add component. Clean all parameters for all variants
Added Component: Designator=R22(0603)
Add component. Clean all parameters for all variants
Added Component: Designator=R23(0603)
Add component. Clean all parameters for all variants
Added Component: Designator=R24(0603)
Add component. Clean all parameters for all variants
Added Component: Designator=R25(0603)
Add component. Clean all parameters for all variants
Added Component: Designator=R26(0603)
Add component. Clean all parameters for all variants
Added Component: Designator=R27(0603)
Add component. Clean all parameters for all variants
Added Component: Designator=R28(0603)
Add component. Clean all parameters for all variants
Added Component: Designator=R29(0603)
Add component. Clean all parameters for all variants
Added Component: Designator=R30(0603)
Add component. Clean all parameters for all variants
Added Component: Designator=R31(0603)
Add component. Clean all parameters for all variants
Added Component: Designator=R32(0603)
Add component. Clean all parameters for all variants
Added Component: Designator=R33(0603)
Add component. Clean all parameters for all variants
Added Component: Designator=R34(0603)
Add component. Clean all parameters for all variants
Added Component: Designator=R35(0603)
Add component. Clean all parameters for all variants
Added Component: Designator=R36(0603)
Add component. Clean all parameters for all variants
Added Component: Designator=R37(0603)
Add component. Clean all parameters for all variants
Added Component: Designator=R38(0603)
Add component. Clean all parameters for all variants
Added Component: Designator=S1(SWH7*7)
Add component. Clean all parameters for all variants
Added Component: Designator=S2(SW6*6)
Add component. Clean all parameters for all variants
Added Component: Designator=S3(SW6*6)
Add component. Clean all parameters for all variants
Added Component: Designator=S4(SW6*6)
Add component. Clean all parameters for all variants
Added Component: Designator=S5(SW6*6)
Add component. Clean all parameters for all variants
Added Component: Designator=T1(ZMCT103E)
Add component. Clean all parameters for all variants
Added Component: Designator=T2(ZMPT101B)
Add component. Clean all parameters for all variants
Add component (AddParameter): Name = "ROM名称"; Value = "数字隔离变压器"; VariantName = "[No Variations]"
Add component (AddParameter): Name = "学习资源"; Value = "www.ooocke.com"; VariantName = "[No Variations]"
Add component (AddParameter): Name = "版权归属"; Value = "源创客"; VariantName = "[No Variations]"
Added Component: Designator=T3(ZMCT103E)
Add component. Clean all parameters for all variants
Added Component: Designator=T4(ZMPT101B)
Add component. Clean all parameters for all variants
Add component (AddParameter): Name = "ROM名称"; Value = "数字隔离变压器"; VariantName = "[No Variations]"
Add component (AddParameter): Name = "学习资源"; Value = "www.ooocke.com"; VariantName = "[No Variations]"
Add component (AddParameter): Name = "版权归属"; Value = "源创客"; VariantName = "[No Variations]"
Added Component: Designator=U1(STM32F103C8T6核心板)
Add component. Clean all parameters for all variants
Added Component: Designator=U2(TO-220)
Add component. Clean all parameters for all variants
Added Component: Designator=负载1(2P-200)
Add component. Clean all parameters for all variants
Add component (AddParameter): Name = "BOM名称"; Value = "2P接插件"; VariantName = "[No Variations]"
Add component (AddParameter): Name = "学习资源"; Value = "https://shop463601444.taobao.com"; VariantName = "[No Variations]"
Add component (AddParameter): Name = "版权归属"; Value = "封装库来自淘宝 ID：黄晶宝石"; VariantName = "[No Variations]"
Added Pin To Net: NetName=+3.3V Pin=*3-8
Added Pin To Net: NetName=+3.3V Pin=*2-8
Added Pin To Net: NetName=+3.3V Pin=*3-8
Added Pin To Net: NetName=+3.3V Pin=C9-2
Added Pin To Net: NetName=+3.3V Pin=C8-2
Added Pin To Net: NetName=+3.3V Pin=C9-2
Added Pin To Net: NetName=+3.3V Pin=D2-2
Added Pin To Net: NetName=+3.3V Pin=J3-1
Added Pin To Net: NetName=+3.3V Pin=JK1-1
Added Pin To Net: NetName=+3.3V Pin=JP1-1
Added Pin To Net: NetName=+3.3V Pin=R37-1
Added Pin To Net: NetName=+3.3V Pin=U1-21
Added Net: Name=+3.3V
Added Pin To Net: NetName=+5V Pin=c19-1
Added Pin To Net: NetName=+5V Pin=C20-1
Added Pin To Net: NetName=+5V Pin=J12-11
Added Pin To Net: NetName=+5V Pin=R38-2
Added Pin To Net: NetName=+5V Pin=S1-3
Added Pin To Net: NetName=+5V Pin=S1-4
Added Pin To Net: NetName=+5V Pin=U2-3
Added Net: Name=+5V
Added Pin To Net: NetName=DGND Pin=J12-10
Added Pin To Net: NetName=DGND Pin=JP1-8
Added Pin To Net: NetName=DGND Pin=S2-2
Added Pin To Net: NetName=DGND Pin=S2-2
Added Pin To Net: NetName=DGND Pin=S3-2
Added Pin To Net: NetName=DGND Pin=S3-2
Added Pin To Net: NetName=DGND Pin=S4-2
Added Pin To Net: NetName=DGND Pin=S4-2
Added Pin To Net: NetName=DGND Pin=S5-2
Added Pin To Net: NetName=DGND Pin=S5-2
Added Net: Name=DGND
Added Pin To Net: NetName=GND Pin=*3-4
Added Pin To Net: NetName=GND Pin=*2-4
Added Pin To Net: NetName=GND Pin=*3-4
Added Pin To Net: NetName=GND Pin=B1-DC-
Added Pin To Net: NetName=GND Pin=C9-1
Added Pin To Net: NetName=GND Pin=C10-2
Added Pin To Net: NetName=GND Pin=C13-1
Added Pin To Net: NetName=GND Pin=C14-2
Added Pin To Net: NetName=GND Pin=C16-2
Added Pin To Net: NetName=GND Pin=C15-2
Added Pin To Net: NetName=GND Pin=C7-2
Added Pin To Net: NetName=GND Pin=C8-1
Added Pin To Net: NetName=GND Pin=C9-1
Added Pin To Net: NetName=GND Pin=C10-2
Added Pin To Net: NetName=GND Pin=C11-1
Added Pin To Net: NetName=GND Pin=C12-2
Added Pin To Net: NetName=GND Pin=C13-1
Added Pin To Net: NetName=GND Pin=C14-2
Added Pin To Net: NetName=GND Pin=C15-2
Added Pin To Net: NetName=GND Pin=C16-2
Added Pin To Net: NetName=GND Pin=C17-2
Added Pin To Net: NetName=GND Pin=c18-2
Added Pin To Net: NetName=GND Pin=c19-2
Added Pin To Net: NetName=GND Pin=C20-2
Added Pin To Net: NetName=GND Pin=D4-2
Added Pin To Net: NetName=GND Pin=J9-2
Added Pin To Net: NetName=GND Pin=J11-2
Added Pin To Net: NetName=GND Pin=J10-1
Added Pin To Net: NetName=GND Pin=J7-1
Added Pin To Net: NetName=GND Pin=J9-2
Added Pin To Net: NetName=GND Pin=J10-1
Added Pin To Net: NetName=GND Pin=J11-2
Added Pin To Net: NetName=GND Pin=Q1-1
Added Pin To Net: NetName=GND Pin=R19-1
Added Pin To Net: NetName=GND Pin=R3-1
Added Pin To Net: NetName=GND Pin=R21-1
Added Pin To Net: NetName=GND Pin=R33-1
Added Pin To Net: NetName=GND Pin=R32-1
Added Pin To Net: NetName=GND Pin=R18-1
Added Pin To Net: NetName=GND Pin=R19-1
Added Pin To Net: NetName=GND Pin=R20-1
Added Pin To Net: NetName=GND Pin=R21-1
Added Pin To Net: NetName=GND Pin=R32-1
Added Pin To Net: NetName=GND Pin=R33-1
Added Pin To Net: NetName=GND Pin=R34-1
Added Pin To Net: NetName=GND Pin=T3-2
Added Pin To Net: NetName=GND Pin=T4-4
Added Pin To Net: NetName=GND Pin=T3-2
Added Pin To Net: NetName=GND Pin=T4-4
Added Pin To Net: NetName=GND Pin=U2-2
Added Net: Name=GND
Added Pin To Net: NetName=L Pin=B1-AC1
Added Pin To Net: NetName=L Pin=D1-1
Added Pin To Net: NetName=L Pin=J8-2
Added Pin To Net: NetName=L Pin=J8-2
Added Pin To Net: NetName=L Pin=R27-1
Added Net: Name=L
Added Pin To Net: NetName=Net*1_1 Pin=*3-1
Added Pin To Net: NetName=Net*1_1 Pin=C10-1
Added Pin To Net: NetName=Net*1_1 Pin=R17-2
Added Net: Name=Net*1_1
Added Pin To Net: NetName=Net*1_2 Pin=*3-2
Added Pin To Net: NetName=Net*1_2 Pin=C13-2
Added Pin To Net: NetName=Net*1_2 Pin=R21-2
Added Net: Name=Net*1_2
Added Pin To Net: NetName=Net*1_3 Pin=*3-3
Added Pin To Net: NetName=Net*1_3 Pin=J4-2
Added Net: Name=Net*1_3
Added Pin To Net: NetName=Net*1_5 Pin=*3-5
Added Pin To Net: NetName=Net*1_5 Pin=C14-1
Added Net: Name=Net*1_5
Added Pin To Net: NetName=Net*2_1 Pin=*2-1
Added Pin To Net: NetName=Net*2_1 Pin=C7-1
Added Pin To Net: NetName=Net*2_1 Pin=R16-2
Added Net: Name=Net*2_1
Added Pin To Net: NetName=Net*2_2 Pin=*2-2
Added Pin To Net: NetName=Net*2_2 Pin=C11-2
Added Pin To Net: NetName=Net*2_2 Pin=R20-2
Added Net: Name=Net*2_2
Added Pin To Net: NetName=Net*2_3 Pin=*2-3
Added Pin To Net: NetName=Net*2_3 Pin=C15-1
Added Pin To Net: NetName=Net*2_3 Pin=R26-2
Added Pin To Net: NetName=Net*2_3 Pin=R32-2
Added Net: Name=Net*2_3
Added Pin To Net: NetName=Net*2_5 Pin=*2-5
Added Pin To Net: NetName=Net*2_5 Pin=C12-1
Added Net: Name=Net*2_5
Added Pin To Net: NetName=Net*3_1 Pin=*3-1
Added Pin To Net: NetName=Net*3_1 Pin=C10-1
Added Pin To Net: NetName=Net*3_1 Pin=R17-2
Added Net: Name=Net*3_1
Added Pin To Net: NetName=Net*3_2 Pin=*3-2
Added Pin To Net: NetName=Net*3_2 Pin=C13-2
Added Pin To Net: NetName=Net*3_2 Pin=R21-2
Added Net: Name=Net*3_2
Added Pin To Net: NetName=Net*3_3 Pin=*3-3
Added Pin To Net: NetName=Net*3_3 Pin=C16-1
Added Net: Name=Net*3_3
Added Pin To Net: NetName=Net*3_5 Pin=*3-5
Added Pin To Net: NetName=Net*3_5 Pin=C14-1
Added Net: Name=Net*3_5
Added Pin To Net: NetName=NetA1_1 Pin=R31-1
Added Pin To Net: NetName=NetA1_1 Pin=R30-2
Added Net: Name=NetA1_1
Added Pin To Net: NetName=NetA1_2 Pin=R31-2
Added Pin To Net: NetName=NetA1_2 Pin=T4-1
Added Net: Name=NetA1_2
Added Pin To Net: NetName=NetB1_DC+ Pin=B1-DC+
Added Pin To Net: NetName=NetB1_DC+ Pin=C17-1
Added Pin To Net: NetName=NetB1_DC+ Pin=c18-1
Added Pin To Net: NetName=NetB1_DC+ Pin=U2-1
Added Net: Name=NetB1_DC+
Added Pin To Net: NetName=NetC5_1 Pin=C16-1
Added Pin To Net: NetName=NetC5_1 Pin=J4-1
Added Net: Name=NetC5_1
Added Pin To Net: NetName=NetC6_1 Pin=C15-1
Added Pin To Net: NetName=NetC6_1 Pin=J4-3
Added Pin To Net: NetName=NetC6_1 Pin=R26-2
Added Pin To Net: NetName=NetC6_1 Pin=R32-2
Added Net: Name=NetC6_1
Added Pin To Net: NetName=NetD1_2 Pin=D1-2
Added Pin To Net: NetName=NetD1_2 Pin=R35-2
Added Net: Name=NetD1_2
Added Pin To Net: NetName=NetD2_1 Pin=D2-1
Added Pin To Net: NetName=NetD2_1 Pin=JK1-2
Added Pin To Net: NetName=NetD2_1 Pin=Q1-3
Added Net: Name=NetD2_1
Added Pin To Net: NetName=NetD3_1 Pin=D3-1
Added Pin To Net: NetName=NetD3_1 Pin=R37-2
Added Net: Name=NetD3_1
Added Pin To Net: NetName=NetD4_1 Pin=D4-1
Added Pin To Net: NetName=NetD4_1 Pin=R38-1
Added Net: Name=NetD4_1
Added Pin To Net: NetName=NetJ2_1 Pin=J9-1
Added Pin To Net: NetName=NetJ2_1 Pin=R17-1
Added Pin To Net: NetName=NetJ2_1 Pin=R19-2
Added Pin To Net: NetName=NetJ2_1 Pin=T3-1
Added Net: Name=NetJ2_1
Added Pin To Net: NetName=NetJ3_4 Pin=J3-4
Added Pin To Net: NetName=NetJ3_4 Pin=R3-2
Added Net: Name=NetJ3_4
Added Pin To Net: NetName=NetJ5_1 Pin=J11-1
Added Pin To Net: NetName=NetJ5_1 Pin=R33-2
Added Pin To Net: NetName=NetJ5_1 Pin=T4-3
Added Net: Name=NetJ5_1
Added Pin To Net: NetName=NetJ6_2 Pin=J10-2
Added Pin To Net: NetName=NetJ6_2 Pin=R22-1
Added Net: Name=NetJ6_2
Added Pin To Net: NetName=NetJ7_2 Pin=J7-2
Added Pin To Net: NetName=NetJ7_2 Pin=R16-1
Added Pin To Net: NetName=NetJ7_2 Pin=R18-2
Added Net: Name=NetJ7_2
Added Pin To Net: NetName=NetJ9_1 Pin=J9-1
Added Pin To Net: NetName=NetJ9_1 Pin=R17-1
Added Pin To Net: NetName=NetJ9_1 Pin=R19-2
Added Pin To Net: NetName=NetJ9_1 Pin=T3-1
Added Net: Name=NetJ9_1
Added Pin To Net: NetName=NetJ10_2 Pin=J10-2
Added Pin To Net: NetName=NetJ10_2 Pin=R22-1
Added Net: Name=NetJ10_2
Added Pin To Net: NetName=NetJ11_1 Pin=J11-1
Added Pin To Net: NetName=NetJ11_1 Pin=R33-2
Added Pin To Net: NetName=NetJ11_1 Pin=T4-3
Added Net: Name=NetJ11_1
Added Pin To Net: NetName=NetJK1_3 Pin=JK1-3
Added Pin To Net: NetName=NetJK1_3 Pin=负载1-1
Added Net: Name=NetJK1_3
Added Pin To Net: NetName=NetJK1_5 Pin=JK1-5
Added Pin To Net: NetName=NetJK1_5 Pin=R35-1
Added Net: Name=NetJK1_5
Added Pin To Net: NetName=NetQ1_2 Pin=Q1-2
Added Pin To Net: NetName=NetQ1_2 Pin=R36-2
Added Net: Name=NetQ1_2
Added Pin To Net: NetName=NetR5_2 Pin=R27-2
Added Pin To Net: NetName=NetR5_2 Pin=R28-1
Added Net: Name=NetR5_2
Added Pin To Net: NetName=NetR6_2 Pin=R28-2
Added Pin To Net: NetName=NetR6_2 Pin=R29-1
Added Net: Name=NetR6_2
Added Pin To Net: NetName=NetR10_2 Pin=R22-2
Added Pin To Net: NetName=NetR10_2 Pin=R23-1
Added Net: Name=NetR10_2
Added Pin To Net: NetName=NetR11_2 Pin=R23-2
Added Pin To Net: NetName=NetR11_2 Pin=R24-1
Added Net: Name=NetR11_2
Added Pin To Net: NetName=NetR12_2 Pin=R24-2
Added Pin To Net: NetName=NetR12_2 Pin=R25-1
Added Net: Name=NetR12_2
Added Pin To Net: NetName=NetR13_2 Pin=R25-2
Added Pin To Net: NetName=NetR13_2 Pin=R26-1
Added Net: Name=NetR13_2
Added Pin To Net: NetName=NetR22_2 Pin=R22-2
Added Pin To Net: NetName=NetR22_2 Pin=R23-1
Added Net: Name=NetR22_2
Added Pin To Net: NetName=NetR23_2 Pin=R23-2
Added Pin To Net: NetName=NetR23_2 Pin=R24-1
Added Net: Name=NetR23_2
Added Pin To Net: NetName=NetR24_2 Pin=R24-2
Added Pin To Net: NetName=NetR24_2 Pin=R25-1
Added Net: Name=NetR24_2
Added Pin To Net: NetName=NetR25_2 Pin=R25-2
Added Pin To Net: NetName=NetR25_2 Pin=R26-1
Added Net: Name=NetR25_2
Added Pin To Net: NetName=NetR27_2 Pin=R27-2
Added Pin To Net: NetName=NetR27_2 Pin=R28-1
Added Net: Name=NetR27_2
Added Pin To Net: NetName=NetR28_2 Pin=R28-2
Added Pin To Net: NetName=NetR28_2 Pin=R29-1
Added Net: Name=NetR28_2
Added Pin To Net: NetName=NetR30_2 Pin=R30-2
Added Pin To Net: NetName=NetR30_2 Pin=R31-1
Added Net: Name=NetR30_2
Added Pin To Net: NetName=NetR31_2 Pin=R31-2
Added Pin To Net: NetName=NetR31_2 Pin=T4-1
Added Net: Name=NetR31_2
Added Pin To Net: NetName=NetR34_2 Pin=R34-2
Added Pin To Net: NetName=NetR34_2 Pin=U1-1
Added Net: Name=NetR34_2
Added Pin To Net: NetName=NetS1_2 Pin=S1-2
Added Pin To Net: NetName=NetS1_2 Pin=S1-5
Added Pin To Net: NetName=NetS1_2 Pin=U1-23
Added Net: Name=NetS1_2
Added Pin To Net: NetName=N Pin=B1-AC2
Added Pin To Net: NetName=N Pin=J8-1
Added Pin To Net: NetName=N Pin=J8-1
Added Pin To Net: NetName=N Pin=T4-2
Added Pin To Net: NetName=N Pin=T4-2
Added Net: Name=N
Added Pin To Net: NetName=ON Pin=R27-1
Added Pin To Net: NetName=ON Pin=负载1-2
Added Net: Name=ON
Added Pin To Net: NetName=PA0 Pin=R36-1
Added Pin To Net: NetName=PA0 Pin=U1-16
Added Net: Name=PA0
Added Pin To Net: NetName=PA4 Pin=S2-1
Added Pin To Net: NetName=PA4 Pin=S2-1
Added Pin To Net: NetName=PA4 Pin=U1-12
Added Net: Name=PA4
Added Pin To Net: NetName=PA5 Pin=S3-1
Added Pin To Net: NetName=PA5 Pin=S3-1
Added Pin To Net: NetName=PA5 Pin=U1-11
Added Net: Name=PA5
Added Pin To Net: NetName=PA6 Pin=S4-1
Added Pin To Net: NetName=PA6 Pin=S4-1
Added Pin To Net: NetName=PA6 Pin=U1-10
Added Net: Name=PA6
Added Pin To Net: NetName=PA7 Pin=S5-1
Added Pin To Net: NetName=PA7 Pin=S5-1
Added Pin To Net: NetName=PA7 Pin=U1-9
Added Net: Name=PA7
Added Pin To Net: NetName=PB3 Pin=U1-30
Added Net: Name=PB3
Added Pin To Net: NetName=PB4 Pin=U1-29
Added Net: Name=PB4
Added Pin To Net: NetName=PB5 Pin=U1-28
Added Net: Name=PB5
Added Pin To Net: NetName=PB6 Pin=U1-27
Added Net: Name=PB6
Added Pin To Net: NetName=PB12 Pin=JP1-3
Added Net: Name=PB12
Added Pin To Net: NetName=PB13 Pin=JP1-4
Added Net: Name=PB13
Added Pin To Net: NetName=PB14 Pin=JP1-5
Added Net: Name=PB14
Added Pin To Net: NetName=PB15 Pin=JP1-6
Added Net: Name=PB15
Added Pin To Net: NetName=PC14 Pin=D3-2
Added Pin To Net: NetName=PC14 Pin=U1-18
Added Net: Name=PC14
Added Pin To Net: NetName=RX1 Pin=*3-6
Added Pin To Net: NetName=RX1 Pin=*3-6
Added Pin To Net: NetName=RX1 Pin=J3-3
Added Pin To Net: NetName=RX1 Pin=U1-34
Added Net: Name=RX1
Added Pin To Net: NetName=RX2 Pin=*2-6
Added Pin To Net: NetName=RX2 Pin=U1-13
Added Net: Name=RX2
Added Pin To Net: NetName=RX3 Pin=JP1-7
Added Pin To Net: NetName=RX3 Pin=U1-5
Added Net: Name=RX3
Added Pin To Net: NetName=SPI2_CLK Pin=J12-5
Added Pin To Net: NetName=SPI2_CLK Pin=U1-39
Added Net: Name=SPI2_CLK
Added Pin To Net: NetName=SPI2_CS Pin=J12-1
Added Pin To Net: NetName=SPI2_CS Pin=U1-40
Added Net: Name=SPI2_CS
Added Pin To Net: NetName=SPI2_MISO Pin=U1-38
Added Net: Name=SPI2_MISO
Added Pin To Net: NetName=SPI2_MOSI Pin=U1-37
Added Net: Name=SPI2_MOSI
Added Pin To Net: NetName=TFT_DC Pin=J12-3
Added Pin To Net: NetName=TFT_DC Pin=U1-32
Added Net: Name=TFT_DC
Added Pin To Net: NetName=TFT_RES Pin=J12-2
Added Pin To Net: NetName=TFT_RES Pin=U1-33
Added Net: Name=TFT_RES
Added Pin To Net: NetName=TX1 Pin=*3-7
Added Pin To Net: NetName=TX1 Pin=*3-7
Added Pin To Net: NetName=TX1 Pin=J3-2
Added Pin To Net: NetName=TX1 Pin=U1-35
Added Net: Name=TX1
Added Pin To Net: NetName=TX2 Pin=*2-7
Added Pin To Net: NetName=TX2 Pin=U1-14
Added Net: Name=TX2
Added Pin To Net: NetName=TX3 Pin=JP1-2
Added Pin To Net: NetName=TX3 Pin=U1-6
Added Net: Name=TX3
Added Class: Name=Sheet1
Added Class: Name=Sheet_manual
Added Room: Name=Sheet1
Added Room: Name=Sheet_manual
