Change Component Designator: Old Designator=*1 New Designator=*2
Change Component Designator: Old Designator=*2 New Designator=*3
Change Component Designator: Old Designator=C1 New Designator=C7
Change Component Designator: Old Designator=C2 New Designator=C8
Change Component Designator: Old Designator=C3 New Designator=C9
Change Component Designator: Old Designator=C4 New Designator=C10
Change Component Designator: Old Designator=C5 New Designator=C11
Change Component Designator: Old Designator=C6 New Designator=C12
Change Component Designator: Old Designator=C7 New Designator=C13
Change Component Designator: Old Designator=C8 New Designator=C14
Change Component Designator: Old Designator=C9 New Designator=C15
Change Component Designator: Old Designator=C10 New Designator=C16
Change Component Designator: Old Designator=C11 New Designator=C17
Change Component Designator: Old Designator=c12 New Designator=c18
Change Component Designator: Old Designator=c13 New Designator=c19
Change Component Designator: Old Designator=C14 New Designator=C20
Change Component Designator: Old Designator=J1 New Designator=J7
Change Component Designator: Old Designator=J2 New Designator=J8
Change Component Designator: Old Designator=J3 New Designator=J9
Change Component Designator: Old Designator=J4 New Designator=J10
Change Component Designator: Old Designator=J5 New Designator=J11
Change Component Designator: Old Designator=J? New Designator=J12
Change Component Designator: Old Designator=JP? New Designator=JP1
Change Component Designator: Old Designator=Q2 New Designator=Q1
Change Component Designator: Old Designator=R1 New Designator=R16
Change Component Designator: Old Designator=R2 New Designator=R17
Change Component Designator: Old Designator=R3 New Designator=R18
Change Component Designator: Old Designator=R4 New Designator=R19
Change Component Designator: Old Designator=R5 New Designator=R20
Change Component Designator: Old Designator=R6 New Designator=R21
Change Component Designator: Old Designator=R7 New Designator=R22
Change Component Designator: Old Designator=R8 New Designator=R23
Change Component Designator: Old Designator=R9 New Designator=R24
Change Component Designator: Old Designator=R10 New Designator=R25
Change Component Designator: Old Designator=R11 New Designator=R26
Change Component Designator: Old Designator=R12 New Designator=R27
Change Component Designator: Old Designator=R13 New Designator=R28
Change Component Designator: Old Designator=R14 New Designator=R29
Change Component Designator: Old Designator=R15 New Designator=R30
Change Component Designator: Old Designator=R16 New Designator=R31
Change Component Designator: Old Designator=R17 New Designator=R32
Change Component Designator: Old Designator=R18 New Designator=R33
Change Component Designator: Old Designator=R19 New Designator=R34
Change Component Designator: Old Designator=R20 New Designator=R35
Change Component Designator: Old Designator=R21 New Designator=R36
Change Component Designator: Old Designator=R22 New Designator=R37
Change Component Designator: Old Designator=R23 New Designator=R38
Change Component Designator: Old Designator=S1 New Designator=S2
Change Component Designator: Old Designator=S2 New Designator=S3
Change Component Designator: Old Designator=S3 New Designator=S4
Change Component Designator: Old Designator=S4 New Designator=S5
Change Component Designator: Old Designator=S? New Designator=S1
Change Component Designator: Old Designator=T1 New Designator=T3
Change Component Designator: Old Designator=T2 New Designator=T4
