Change Component Designator: Old Designator=*2 New Designator=*1
Change Component Designator: Old Designator=C7 New Designator=C1
Change Component Designator: Old Designator=C8 New Designator=C2
Change Component Designator: Old Designator=C9 New Designator=C3
Change Component Designator: Old Designator=C10 New Designator=C4
Change Component Designator: Old Designator=C11 New Designator=C5
Change Component Designator: Old Designator=C12 New Designator=C6
Change Component Designator: Old Designator=J7 New Designator=J1
Change Component Designator: Old Designator=J8 New Designator=J2
Change Component Designator: Old Designator=J9 New Designator=J3
Change Component Designator: Old Designator=J10 New Designator=J8
Change Component Designator: Old Designator=J11 New Designator=J9
Change Component Designator: Old Designator=J? New Designator=J4
Change Component Designator: Old Designator=J? New Designator=J5
Change Component Designator: Old Designator=J? New Designator=J6
Change Component Designator: Old Designator=J? New Designator=J7
Change Component Designator: Old Designator=R16 New Designator=R1
Change Component Designator: Old Designator=R17 New Designator=R2
Change Component Designator: Old Designator=R18 New Designator=R3
Change Component Designator: Old Designator=R19 New Designator=R4
Change Component Designator: Old Designator=R20 New Designator=R5
Change Component Designator: Old Designator=R21 New Designator=R6
Change Component Designator: Old Designator=R22 New Designator=R7
Change Component Designator: Old Designator=R23 New Designator=R8
Change Component Designator: Old Designator=R24 New Designator=R9
Change Component Designator: Old Designator=R25 New Designator=R10
Change Component Designator: Old Designator=R26 New Designator=R11
Change Component Designator: Old Designator=R27 New Designator=R12
Change Component Designator: Old Designator=R28 New Designator=R13
Change Component Designator: Old Designator=R29 New Designator=R14
Change Component Designator: Old Designator=R30 New Designator=R15
Change Component Designator: Old Designator=R31 New Designator=R16
Change Component Designator: Old Designator=R32 New Designator=R17
Change Component Designator: Old Designator=R33 New Designator=R18
Change Component Designator: Old Designator=R34 New Designator=R19
Change Component Designator: Old Designator=R35 New Designator=R20
Change Component Designator: Old Designator=R36 New Designator=R21
Change Component Designator: Old Designator=R37 New Designator=R22
Change Component Designator: Old Designator=R38 New Designator=R23
Change Component Designator: Old Designator=R40 New Designator=R24
Change Component Designator: Old Designator=R41 New Designator=R25
Change Component Designator: Old Designator=R42 New Designator=R26
Change Component Designator: Old Designator=R43 New Designator=R27
Change Component Designator: Old Designator=S3 New Designator=S2
Change Component Designator: Old Designator=S4 New Designator=S3
Change Component Designator: Old Designator=S5 New Designator=S4
Change Component Designator: Old Designator=T3 New Designator=T1
Change Component Designator: Old Designator=T4 New Designator=T2
