Change Component Designator: Old Designator=*3 New Designator=*2
Change Component Designator: Old Designator=C9 New Designator=C7
Change Component Designator: Old Designator=C10 New Designator=C8
Change Component Designator: Old Designator=C13 New Designator=C9
Change Component Designator: Old Designator=C14 New Designator=C10
Change Component Designator: Old Designator=C15 New Designator=C12
Change Component Designator: Old Designator=C16 New Designator=C11
Change Component Designator: Old Designator=D3 New Designator=D1
Change Component Designator: Old Designator=D3 New Designator=D2
Change Component Designator: Old Designator=J10 New Designator=J11
Change Component Designator: Old Designator=J11 New Designator=J9
Change Component Designator: Old Designator=J? New Designator=J7
Change Component Designator: Old Designator=J? New Designator=J10
Change Component Designator: Old Designator=JK2 New Designator=JK1
Change Component Designator: Old Designator=LED? New Designator=LED1
Change Component Designator: Old Designator=Q2 New Designator=Q1
Change Component Designator: Old Designator=R19 New Designator=R18
Change Component Designator: Old Designator=R21 New Designator=R19
Change Component Designator: Old Designator=R22 New Designator=R33
Change Component Designator: Old Designator=R23 New Designator=R34
Change Component Designator: Old Designator=R24 New Designator=R35
Change Component Designator: Old Designator=R25 New Designator=R36
Change Component Designator: Old Designator=R26 New Designator=R37
Change Component Designator: Old Designator=R27 New Designator=R21
Change Component Designator: Old Designator=R28 New Designator=R22
Change Component Designator: Old Designator=R29 New Designator=R23
Change Component Designator: Old Designator=R30 New Designator=R24
Change Component Designator: Old Designator=R31 New Designator=R25
Change Component Designator: Old Designator=R32 New Designator=R38
Change Component Designator: Old Designator=R33 New Designator=R27
Change Component Designator: Old Designator=R34 New Designator=R28
Change Component Designator: Old Designator=R35 New Designator=R26
Change Component Designator: Old Designator=R36 New Designator=R29
Change Component Designator: Old Designator=R37 New Designator=R20
Change Component Designator: Old Designator=R37 New Designator=R30
Change Component Designator: Old Designator=R37 New Designator=R43
Change Component Designator: Old Designator=R38 New Designator=R31
Change Component Designator: Old Designator=R38 New Designator=R39
Change Component Designator: Old Designator=R39 New Designator=R40
Change Component Designator: Old Designator=R40 New Designator=R41
Change Component Designator: Old Designator=R41 New Designator=R42
Change Component Designator: Old Designator=R? New Designator=R16
Change Component Designator: Old Designator=R? New Designator=R32
Change Component Designator: Old Designator=USB? New Designator=USB1
