Change Component Designator: Old Designator= New Designator=1
Change Component Designator: Old Designator=D3 New Designator=D2
Change Component Designator: Old Designator=J3 New Designator=J2
Change Component Designator: Old Designator=J4 New Designator=J3
Change Component Designator: Old Designator=J5 New Designator=J4
Change Component Designator: Old Designator=J6 New Designator=J5
Change Component Designator: Old Designator=J7 New Designator=J6
Change Component Designator: Old Designator=J8 New Designator=J7
Change Component Designator: Old Designator=R2 New Designator=R1
Change Component Designator: Old Designator=R3 New Designator=R2
Change Component Designator: Old Designator=R4 New Designator=R3
Change Component Designator: Old Designator=R5 New Designator=R4
Change Component Designator: Old Designator=R6 New Designator=R5
Change Component Designator: Old Designator=R7 New Designator=R6
Change Component Designator: Old Designator=R8 New Designator=R7
Change Component Designator: Old Designator=R9 New Designator=R8
Change Component Designator: Old Designator=R10 New Designator=R9
Change Component Designator: Old Designator=R11 New Designator=R10
Change Component Designator: Old Designator=R12 New Designator=R11
Change Component Designator: Old Designator=R13 New Designator=R12
Change Component Designator: Old Designator=R14 New Designator=R13
Change Component Designator: Old Designator=R15 New Designator=R14
Change Component Designator: Old Designator=R16 New Designator=R15
Change Component Designator: Old Designator=R18 New Designator=R16
Change Component Designator: Old Designator=R19 New Designator=R17
Change Component Designator: Old Designator=R20 New Designator=R18
Change Component Designator: Old Designator=R21 New Designator=R19
Change Component Designator: Old Designator=R22 New Designator=R20
Change Component Designator: Old Designator=R23 New Designator=R21
Change Component Designator: Old Designator=R24 New Designator=R23
Change Component Designator: Old Designator=R25 New Designator=R24
Change Component Designator: Old Designator=R26 New Designator=R25
Change Component Designator: Old Designator=R28 New Designator=R22
Change Component Designator: Old Designator=SP? New Designator=SP1
Change Component Designator: Old Designator=SP? New Designator=SP2
Change Component Designator: Old Designator=SP? New Designator=SP3
Change Component Designator: Old Designator=SP? New Designator=SP4
Change Component Designator: Old Designator=交流负载 New Designator=交流负载1
Change Component Designator: Old Designator=交流输入 New Designator=交流输入1
Change Component Designator: Old Designator=直流负载 New Designator=直流负载1
Change Component Designator: Old Designator=直流输入 New Designator=直流输入1
